<?xml version="1.0" encoding="UTF-8"?>
<!-- Generated by org.testng.reporters.JUnitXMLReporter -->
<testsuite hostname="Shivansh-PC" ignored="0" name="Test" tests="2" failures="1" timestamp="04 Aug 2022 03:14:54 GMT" time="48.8" errors="0">
  <testcase name="takeScreenshotOnFailure" time="17.298" classname="testcases.HowToTakeScreenShotOnFailure"/>
  <testcase name="takeScreenshotOnFailure2" time="21.656" classname="testcases.HowToTakeScreenShotOnFailure">
    <failure type="java.lang.AssertionError" message="expected [true] but found [false]">
      <![CDATA[java.lang.AssertionError: expected [true] but found [false]
at testcases.HowToTakeScreenShotOnFailure.takeScreenshotOnFailure2(HowToTakeScreenShotOnFailure.java:36)
... Removed 29 stack frames]]>
    </failure>
  </testcase> <!-- takeScreenshotOnFailure2 -->
</testsuite> <!-- Test -->
