<?xml version="1.0" encoding="UTF-8"?>
<testng-results skipped="0" failed="0" ignored="0" total="1" passed="1">
  <reporter-output>
  </reporter-output>
  <suite name="Suite" duration-ms="17830" started-at="2022-08-04T07:28:51 IST" finished-at="2022-08-04T07:29:09 IST">
    <groups>
    </groups>
    <test name="Test" duration-ms="17830" started-at="2022-08-04T07:28:51 IST" finished-at="2022-08-04T07:29:09 IST">
      <class name="testcases.HowToHandleMultipleWindows">
        <test-method status="PASS" signature="handleWindows()[pri:0, instance:testcases.HowToHandleMultipleWindows@7d0587f1]" name="handleWindows" duration-ms="17769" started-at="2022-08-04T07:28:51 IST" finished-at="2022-08-04T07:29:09 IST">
          <reporter-output>
          </reporter-output>
        </test-method> <!-- handleWindows -->
      </class> <!-- testcases.HowToHandleMultipleWindows -->
    </test> <!-- Test -->
  </suite> <!-- Suite -->
</testng-results>
